2025-06-03 11:31:56,959 - INFO - Found coordinates for London: 51.50853, -0.12574
2025-06-03 11:31:58,256 - INFO - Found coordinates for London: 51.50853, -0.12574
2025-06-03 11:31:58,257 - ERROR - Weather API error: End date is beyond forecast range of 16 days
2025-06-03 11:35:17,848 - test_weather_api - INFO - [setUp] - Setting up test data
2025-06-03 11:35:17,848 - test_weather_api - INFO - [setUp] - Test parameters: city=London, start_date=2025-06-03, end_date=2025-06-08
2025-06-03 11:35:17,848 - test_weather_api - INFO - [test_get_air_quality_data] - Testing get_air_quality_data
2025-06-03 11:35:17,848 - weather_api - INFO - [get_city_coordinates] - Fetching coordinates for city: London
2025-06-03 11:35:18,479 - weather_api - INFO - [get_city_coordinates] - Successfully found coordinates for London: lat=51.50853, lon=-0.12574, country=United Kingdom
2025-06-03 11:35:18,479 - test_weather_api - INFO - [test_get_air_quality_data] - Got coordinates for London
2025-06-03 11:35:18,479 - weather_api - INFO - [get_air_quality_data] - Fetching air quality data for coordinates: lat=51.50853, lon=-0.12574, start=2025-06-03, end=2025-06-08
2025-06-03 11:35:18,479 - weather_api - INFO - [is_within_forecast_range] - Checking forecast range for date 2025-06-08: within_range=True, max_forecast_date=2025-06-19
2025-06-03 11:35:19,167 - weather_api - INFO - [get_air_quality_data] - Successfully fetched air quality data for 144 time points
2025-06-03 11:35:19,169 - test_weather_api - INFO - [test_get_air_quality_data] - Successfully retrieved air quality data
2025-06-03 11:35:19,169 - test_weather_api - INFO - [test_get_air_quality_data] - Verified data structure
2025-06-03 11:35:19,169 - test_weather_api - INFO - [test_get_air_quality_data] - Verified all required fields
2025-06-03 11:35:19,169 - test_weather_api - INFO - [setUp] - Setting up test data
2025-06-03 11:35:19,169 - test_weather_api - INFO - [setUp] - Test parameters: city=London, start_date=2025-06-03, end_date=2025-06-08
2025-06-03 11:35:19,169 - test_weather_api - INFO - [test_get_city_coordinates] - Testing get_city_coordinates with valid city
2025-06-03 11:35:19,170 - weather_api - INFO - [get_city_coordinates] - Fetching coordinates for city: London
2025-06-03 11:35:19,781 - weather_api - INFO - [get_city_coordinates] - Successfully found coordinates for London: lat=51.50853, lon=-0.12574, country=United Kingdom
2025-06-03 11:35:19,783 - test_weather_api - INFO - [test_get_city_coordinates] - City name verified: London
2025-06-03 11:35:19,783 - test_weather_api - INFO - [test_get_city_coordinates] - Coordinates verified: lat=51.50853, lon=-0.12574
2025-06-03 11:35:19,784 - test_weather_api - INFO - [test_get_city_coordinates] - Country verified: United Kingdom
2025-06-03 11:35:19,784 - test_weather_api - INFO - [setUp] - Setting up test data
2025-06-03 11:35:19,784 - test_weather_api - INFO - [setUp] - Test parameters: city=London, start_date=2025-06-03, end_date=2025-06-08
2025-06-03 11:35:19,784 - test_weather_api - INFO - [test_get_city_coordinates_invalid] - Testing get_city_coordinates with invalid city: NonExistentCity123
2025-06-03 11:35:19,784 - weather_api - INFO - [get_city_coordinates] - Fetching coordinates for city: NonExistentCity123
2025-06-03 11:35:20,388 - weather_api - ERROR - [get_city_coordinates] - No results found for city: NonExistentCity123
2025-06-03 11:35:20,389 - test_weather_api - INFO - [test_get_city_coordinates_invalid] - Successfully caught WeatherAPIError for invalid city
2025-06-03 11:35:20,389 - test_weather_api - INFO - [setUp] - Setting up test data
2025-06-03 11:35:20,389 - test_weather_api - INFO - [setUp] - Test parameters: city=London, start_date=2025-06-03, end_date=2025-06-08
2025-06-03 11:35:20,389 - test_weather_api - INFO - [test_get_weather_data] - Testing get_weather_data
2025-06-03 11:35:20,389 - weather_api - INFO - [get_weather_data] - Getting weather data for London from 2025-06-03 to 2025-06-08
2025-06-03 11:35:20,389 - weather_api - INFO - [get_city_coordinates] - Fetching coordinates for city: London
2025-06-03 11:35:20,991 - weather_api - INFO - [get_city_coordinates] - Successfully found coordinates for London: lat=51.50853, lon=-0.12574, country=United Kingdom
2025-06-03 11:35:20,992 - weather_api - INFO - [get_air_quality_data] - Fetching air quality data for coordinates: lat=51.50853, lon=-0.12574, start=2025-06-03, end=2025-06-08
2025-06-03 11:35:20,992 - weather_api - INFO - [is_within_forecast_range] - Checking forecast range for date 2025-06-08: within_range=True, max_forecast_date=2025-06-19
2025-06-03 11:35:21,780 - weather_api - INFO - [get_air_quality_data] - Successfully fetched air quality data for 144 time points
2025-06-03 11:35:21,789 - weather_api - INFO - [get_weather_data] - Successfully retrieved weather data for London
2025-06-03 11:35:21,803 - test_weather_api - INFO - [test_get_weather_data] - Successfully retrieved weather data
2025-06-03 11:35:21,804 - test_weather_api - INFO - [test_get_weather_data] - Verified top-level data structure
2025-06-03 11:35:21,805 - test_weather_api - INFO - [test_get_weather_data] - Verified city information
2025-06-03 11:35:21,805 - test_weather_api - INFO - [test_get_weather_data] - Verified date range
2025-06-03 11:35:21,806 - test_weather_api - INFO - [test_get_weather_data] - Verified air quality data structure
2025-06-03 11:35:21,806 - test_weather_api - INFO - [setUp] - Setting up test data
2025-06-03 11:35:21,806 - test_weather_api - INFO - [setUp] - Test parameters: city=London, start_date=2025-06-03, end_date=2025-06-08
2025-06-03 11:35:21,806 - test_weather_api - INFO - [test_get_weather_data_invalid_dates] - Testing get_weather_data with invalid dates
2025-06-03 11:35:21,813 - test_weather_api - INFO - [test_get_weather_data_invalid_dates] - Using end date beyond forecast range: 2025-06-23
2025-06-03 11:35:21,814 - weather_api - INFO - [get_weather_data] - Getting weather data for London from 2025-06-03 to 2025-06-23
2025-06-03 11:35:21,820 - weather_api - INFO - [get_city_coordinates] - Fetching coordinates for city: London
2025-06-03 11:35:22,449 - weather_api - INFO - [get_city_coordinates] - Successfully found coordinates for London: lat=51.50853, lon=-0.12574, country=United Kingdom
2025-06-03 11:35:22,450 - weather_api - INFO - [get_air_quality_data] - Fetching air quality data for coordinates: lat=51.50853, lon=-0.12574, start=2025-06-03, end=2025-06-23
2025-06-03 11:35:22,450 - weather_api - INFO - [is_within_forecast_range] - Checking forecast range for date 2025-06-23: within_range=False, max_forecast_date=2025-06-19
2025-06-03 11:35:22,450 - weather_api - ERROR - [get_air_quality_data] - End date 2025-06-23 is beyond forecast range of 16 days
2025-06-03 11:35:22,450 - weather_api - ERROR - [get_weather_data] - Weather API error: End date is beyond forecast range of 16 days
2025-06-03 11:35:22,450 - test_weather_api - INFO - [test_get_weather_data_invalid_dates] - Successfully caught WeatherAPIError for invalid date range
2025-06-03 11:35:22,451 - test_weather_api - INFO - [setUp] - Setting up test data
2025-06-03 11:35:22,451 - test_weather_api - INFO - [setUp] - Test parameters: city=London, start_date=2025-06-03, end_date=2025-06-08
2025-06-03 11:35:22,451 - test_weather_api - INFO - [test_is_within_forecast_range] - Testing is_within_forecast_range
2025-06-03 11:35:22,451 - weather_api - INFO - [is_within_forecast_range] - Checking forecast range for date 2025-06-13: within_range=True, max_forecast_date=2025-06-19
2025-06-03 11:35:22,451 - test_weather_api - INFO - [test_is_within_forecast_range] - Verified date within range: 2025-06-13
2025-06-03 11:35:22,451 - weather_api - INFO - [is_within_forecast_range] - Checking forecast range for date 2025-06-23: within_range=False, max_forecast_date=2025-06-19
2025-06-03 11:35:22,451 - test_weather_api - INFO - [test_is_within_forecast_range] - Verified date beyond range: 2025-06-23
